<?xml version="1.0" encoding="UTF-8"?>
<!-- Generated by org.testng.reporters.JUnitXMLReporter -->
<testsuite hostname="system8-PC" ignored="0" name="Default test" tests="3" failures="0" timestamp="07 Sep 2018 09:12:56 GMT" time="31.243" errors="0">
  <testcase name="logs" time="0.023" classname="maven.SriNK.log4jExptestNG"/>
  <testcase name="Links" time="0.449" classname="maven.SriNK.readexcel"/>
  <testcase name="logs" time="0.0" classname="maven.SriNK.log4jExptestNG"/>
</testsuite> <!-- Default test -->
