<?xml version="1.0" encoding="UTF-8"?>
<testng-results skipped="0" failed="0" ignored="0" total="3" passed="3">
  <reporter-output>
  </reporter-output>
  <suite name="Default suite" duration-ms="31243" started-at="2018-09-07T09:12:25Z" finished-at="2018-09-07T09:12:56Z">
    <groups>
    </groups>
    <test name="Default test" duration-ms="31243" started-at="2018-09-07T09:12:25Z" finished-at="2018-09-07T09:12:56Z">
      <class name="maven.SriNK.log4jExptestNG">
        <test-method status="PASS" signature="logs()[pri:0, instance:maven.SriNK.log4jExptestNG@30b8a058]" name="logs" duration-ms="0" started-at="2018-09-07T09:12:56Z" finished-at="2018-09-07T09:12:56Z">
          <reporter-output>
          </reporter-output>
        </test-method> <!-- logs -->
      </class> <!-- maven.SriNK.log4jExptestNG -->
      <class name="maven.SriNK.readexcel">
        <test-method status="PASS" signature="beforeMethod()[pri:0, instance:maven.SriNK.readexcel@68bbe345]" name="beforeMethod" is-config="true" duration-ms="12943" started-at="2018-09-07T09:12:25Z" finished-at="2018-09-07T09:12:38Z">
          <reporter-output>
          </reporter-output>
        </test-method> <!-- beforeMethod -->
        <test-method status="PASS" signature="logs()[pri:0, instance:maven.SriNK.readexcel@68bbe345]" name="logs" duration-ms="23" started-at="2018-09-07T09:12:38Z" finished-at="2018-09-07T09:12:38Z">
          <reporter-output>
          </reporter-output>
        </test-method> <!-- logs -->
        <test-method status="PASS" signature="close()[pri:0, instance:maven.SriNK.readexcel@68bbe345]" name="close" is-config="true" duration-ms="3652" started-at="2018-09-07T09:12:38Z" finished-at="2018-09-07T09:12:42Z">
          <reporter-output>
          </reporter-output>
        </test-method> <!-- close -->
        <test-method status="PASS" signature="beforeMethod()[pri:0, instance:maven.SriNK.readexcel@68bbe345]" name="beforeMethod" is-config="true" duration-ms="10558" started-at="2018-09-07T09:12:42Z" finished-at="2018-09-07T09:12:52Z">
          <reporter-output>
          </reporter-output>
        </test-method> <!-- beforeMethod -->
        <test-method status="PASS" signature="Links()[pri:0, instance:maven.SriNK.readexcel@68bbe345]" name="Links" duration-ms="449" started-at="2018-09-07T09:12:52Z" finished-at="2018-09-07T09:12:53Z">
          <reporter-output>
          </reporter-output>
        </test-method> <!-- Links -->
        <test-method status="PASS" signature="close()[pri:0, instance:maven.SriNK.readexcel@68bbe345]" name="close" is-config="true" duration-ms="3593" started-at="2018-09-07T09:12:53Z" finished-at="2018-09-07T09:12:56Z">
          <reporter-output>
          </reporter-output>
        </test-method> <!-- close -->
        <test-method status="PASS" signature="logs()[pri:0, instance:maven.SriNK.readexcel@68bbe345]" name="logs" is-config="true" duration-ms="1" started-at="2018-09-07T09:12:56Z" finished-at="2018-09-07T09:12:56Z">
          <reporter-output>
          </reporter-output>
        </test-method> <!-- logs -->
      </class> <!-- maven.SriNK.readexcel -->
    </test> <!-- Default test -->
  </suite> <!-- Default suite -->
</testng-results>
